java.io.InvalidClassException: javax.swing.JComponent; local class incompatible: stream classdesc serialVersionUID = 3742318830738515599, local class serialVersionUID = 568356603624009806
	at java.base/java.io.ObjectStreamClass.initNonProxy(Unknown Source)
	at java.base/java.io.ObjectInputStream.readNonProxyDesc(Unknown Source)
	at java.base/java.io.ObjectInputStream.readClassDesc(Unknown Source)
	at java.base/java.io.ObjectInputStream.readNonProxyDesc(Unknown Source)
	at java.base/java.io.ObjectInputStream.readClassDesc(Unknown Source)
	at java.base/java.io.ObjectInputStream.readNonProxyDesc(Unknown Source)
	at java.base/java.io.ObjectInputStream.readClassDesc(Unknown Source)
	at java.base/java.io.ObjectInputStream.readOrdinaryObject(Unknown Source)
	at java.base/java.io.ObjectInputStream.readObject0(Unknown Source)
	at java.base/java.io.ObjectInputStream.readObject(Unknown Source)
	at java.base/java.util.ArrayList.readObject(Unknown Source)
	at java.base/jdk.internal.reflect.NativeMethodAccessorImpl.invoke0(Native Method)
	at java.base/jdk.internal.reflect.NativeMethodAccessorImpl.invoke(Unknown Source)
	at java.base/jdk.internal.reflect.DelegatingMethodAccessorImpl.invoke(Unknown Source)
	at java.base/java.lang.reflect.Method.invoke(Unknown Source)
	at java.base/java.io.ObjectStreamClass.invokeReadObject(Unknown Source)
	at java.base/java.io.ObjectInputStream.readSerialData(Unknown Source)
	at java.base/java.io.ObjectInputStream.readOrdinaryObject(Unknown Source)
	at java.base/java.io.ObjectInputStream.readObject0(Unknown Source)
	at java.base/java.io.ObjectInputStream.defaultReadFields(Unknown Source)
	at java.base/java.io.ObjectInputStream.readSerialData(Unknown Source)
	at java.base/java.io.ObjectInputStream.readOrdinaryObject(Unknown Source)
	at java.base/java.io.ObjectInputStream.readObject0(Unknown Source)
	at java.base/java.io.ObjectInputStream.readObject(Unknown Source)
	at java.base/java.util.HashMap.readObject(Unknown Source)
	at java.base/jdk.internal.reflect.NativeMethodAccessorImpl.invoke0(Native Method)
	at java.base/jdk.internal.reflect.NativeMethodAccessorImpl.invoke(Unknown Source)
	at java.base/jdk.internal.reflect.DelegatingMethodAccessorImpl.invoke(Unknown Source)
	at java.base/java.lang.reflect.Method.invoke(Unknown Source)
	at java.base/java.io.ObjectStreamClass.invokeReadObject(Unknown Source)
	at java.base/java.io.ObjectInputStream.readSerialData(Unknown Source)
	at java.base/java.io.ObjectInputStream.readOrdinaryObject(Unknown Source)
	at java.base/java.io.ObjectInputStream.readObject0(Unknown Source)
	at java.base/java.io.ObjectInputStream.defaultReadFields(Unknown Source)
	at java.base/java.io.ObjectInputStream.readSerialData(Unknown Source)
	at java.base/java.io.ObjectInputStream.readOrdinaryObject(Unknown Source)
	at java.base/java.io.ObjectInputStream.readObject0(Unknown Source)
	at java.base/java.io.ObjectInputStream.readObject(Unknown Source)
	at edu.illinois.masalzr2.io.GameIo.produceSavedGame(GameIo.java:69)
	at edu.illinois.masalzr2.io.GameIo.produceSavedGame(GameIo.java:59)
	at edu.illinois.masalzr2.gui.PreGameFrame.actionPerformed(PreGameFrame.java:109)
	at java.desktop/javax.swing.AbstractButton.fireActionPerformed(Unknown Source)
	at java.desktop/javax.swing.AbstractButton$Handler.actionPerformed(Unknown Source)
	at java.desktop/javax.swing.DefaultButtonModel.fireActionPerformed(Unknown Source)
	at java.desktop/javax.swing.DefaultButtonModel.setPressed(Unknown Source)
	at java.desktop/javax.swing.plaf.basic.BasicButtonListener.mouseReleased(Unknown Source)
	at java.desktop/java.awt.Component.processMouseEvent(Unknown Source)
	at java.desktop/javax.swing.JComponent.processMouseEvent(Unknown Source)
	at java.desktop/java.awt.Component.processEvent(Unknown Source)
	at java.desktop/java.awt.Container.processEvent(Unknown Source)
	at java.desktop/java.awt.Component.dispatchEventImpl(Unknown Source)
	at java.desktop/java.awt.Container.dispatchEventImpl(Unknown Source)
	at java.desktop/java.awt.Component.dispatchEvent(Unknown Source)
	at java.desktop/java.awt.LightweightDispatcher.retargetMouseEvent(Unknown Source)
	at java.desktop/java.awt.LightweightDispatcher.processMouseEvent(Unknown Source)
	at java.desktop/java.awt.LightweightDispatcher.dispatchEvent(Unknown Source)
	at java.desktop/java.awt.Container.dispatchEventImpl(Unknown Source)
	at java.desktop/java.awt.Window.dispatchEventImpl(Unknown Source)
	at java.desktop/java.awt.Component.dispatchEvent(Unknown Source)
	at java.desktop/java.awt.EventQueue.dispatchEventImpl(Unknown Source)
	at java.desktop/java.awt.EventQueue.access$600(Unknown Source)
	at java.desktop/java.awt.EventQueue$4.run(Unknown Source)
	at java.desktop/java.awt.EventQueue$4.run(Unknown Source)
	at java.base/java.security.AccessController.doPrivileged(Native Method)
	at java.base/java.security.ProtectionDomain$JavaSecurityAccessImpl.doIntersectionPrivilege(Unknown Source)
	at java.base/java.security.ProtectionDomain$JavaSecurityAccessImpl.doIntersectionPrivilege(Unknown Source)
	at java.desktop/java.awt.EventQueue$5.run(Unknown Source)
	at java.desktop/java.awt.EventQueue$5.run(Unknown Source)
	at java.base/java.security.AccessController.doPrivileged(Native Method)
	at java.base/java.security.ProtectionDomain$JavaSecurityAccessImpl.doIntersectionPrivilege(Unknown Source)
	at java.desktop/java.awt.EventQueue.dispatchEvent(Unknown Source)
	at java.desktop/java.awt.EventDispatchThread.pumpOneEventForFilters(Unknown Source)
	at java.desktop/java.awt.EventDispatchThread.pumpEventsForFilter(Unknown Source)
	at java.desktop/java.awt.EventDispatchThread.pumpEventsForHierarchy(Unknown Source)
	at java.desktop/java.awt.EventDispatchThread.pumpEvents(Unknown Source)
	at java.desktop/java.awt.EventDispatchThread.pumpEvents(Unknown Source)
	at java.desktop/java.awt.EventDispatchThread.run(Unknown Source)
