java.lang.ArrayIndexOutOfBoundsException: -1
	at edu.illinois.masalzr2.gui.Board.movePiece(Board.java:189)
	at edu.illinois.masalzr2.gui.Board.movePiece(Board.java:178)
	at edu.illinois.masalzr2.masters.GameVariables.visualMove(GameVariables.java:330)
	at edu.illinois.masalzr2.masters.GameVariables.access$2(GameVariables.java:325)
	at edu.illinois.masalzr2.masters.GameVariables$2.actionPerformed(GameVariables.java:311)
	at java.desktop/javax.swing.Timer.fireActionPerformed(Unknown Source)
	at java.desktop/javax.swing.Timer$DoPostEvent.run(Unknown Source)
	at java.desktop/java.awt.event.InvocationEvent.dispatch(Unknown Source)
	at java.desktop/java.awt.EventQueue.dispatchEventImpl(Unknown Source)
	at java.desktop/java.awt.EventQueue.access$600(Unknown Source)
	at java.desktop/java.awt.EventQueue$4.run(Unknown Source)
	at java.desktop/java.awt.EventQueue$4.run(Unknown Source)
	at java.base/java.security.AccessController.doPrivileged(Native Method)
	at java.base/java.security.ProtectionDomain$JavaSecurityAccessImpl.doIntersectionPrivilege(Unknown Source)
	at java.desktop/java.awt.EventQueue.dispatchEvent(Unknown Source)
	at java.desktop/java.awt.EventDispatchThread.pumpOneEventForFilters(Unknown Source)
	at java.desktop/java.awt.EventDispatchThread.pumpEventsForFilter(Unknown Source)
	at java.desktop/java.awt.EventDispatchThread.pumpEventsForFilter(Unknown Source)
	at java.desktop/java.awt.WaitDispatchSupport$2.run(Unknown Source)
	at java.desktop/java.awt.WaitDispatchSupport$4.run(Unknown Source)
	at java.desktop/java.awt.WaitDispatchSupport$4.run(Unknown Source)
	at java.base/java.security.AccessController.doPrivileged(Native Method)
	at java.desktop/java.awt.WaitDispatchSupport.enter(Unknown Source)
	at java.desktop/java.awt.Dialog.show(Unknown Source)
	at java.desktop/javax.swing.JOptionPane.showOptionDialog(Unknown Source)
	at java.desktop/javax.swing.JOptionPane.showMessageDialog(Unknown Source)
	at java.desktop/javax.swing.JOptionPane.showMessageDialog(Unknown Source)
	at java.desktop/javax.swing.JOptionPane.showMessageDialog(Unknown Source)
	at edu.illinois.masalzr2.masters.MonopolyExceptionHandler.uncaughtException(MonopolyExceptionHandler.java:36)
	at java.base/java.lang.ThreadGroup.uncaughtException(Unknown Source)
	at java.base/java.lang.ThreadGroup.uncaughtException(Unknown Source)
	at java.desktop/java.awt.EventDispatchThread.processException(Unknown Source)
	at java.desktop/java.awt.EventDispatchThread.pumpOneEventForFilters(Unknown Source)
	at java.desktop/java.awt.EventDispatchThread.pumpEventsForFilter(Unknown Source)
	at java.desktop/java.awt.EventDispatchThread.pumpEventsForHierarchy(Unknown Source)
	at java.desktop/java.awt.EventDispatchThread.pumpEvents(Unknown Source)
	at java.desktop/java.awt.EventDispatchThread.pumpEvents(Unknown Source)
	at java.desktop/java.awt.EventDispatchThread.run(Unknown Source)
