Starter: static: beginning log
Starter: main: creating PreGameFrame
PreGameFrame: beginning
Adding pregameframe listeners
Starter: main: Starting PreGameFrame
PreGameFrame: Start: beginning start method
GameVariables: buildBoard: Building game board
GameVariables: buildBoard: Passing icons and numbers
GameVariables: buildBoard: Passing Stickers
GameVariables: buildBoard: Passing stamps, dice, and dice assets
GameVariables: buildBoard: painting display and placing tokens
GameVariables: Variable requested: dice
GameVariables: Variable requested: currency
PreGameFrame: closing
GameVariables: roll: rolling dice
MoneMenuNotice: actionPerformed: popping self and flushing log
edu.illinois.masalzr2.notices.implentations.MessageNotice: actionPerformed: popping self from list
GameVariables: Variable requested: dice
GameVariables: Variable requested: currency
GameVariables: roll: rolling dice
GameVariables: Variable requested: dice
GameVariables: Variable requested: currency
GameVariables: Variable requested: players
GameVariables: Variable requested: properties
MoneMenuNotice: actionPerformed: popping self and flushing log
edu.illinois.masalzr2.notices.implentations.GameCardNotice: noticePushPop: Pushing new edu.illinois.masalzr2.notices.implentations.PlayerBankNotice onto listener's queue and poping self
GameVariables: Variable requested: currency
edu.illinois.masalzr2.notices.implentations.GameCardNotice: noticePushPop: Pushing new edu.illinois.masalzr2.notices.implentations.PropertyNotice onto listener's queue and poping self
edu.illinois.masalzr2.notices.implentations.PlayerBankNotice: actionPerformed: popping self from list
edu.illinois.masalzr2.notices.implentations.PropertyNotice: noticePushPop: Pushing new edu.illinois.masalzr2.notices.implentations.PlayerPropertyNotice onto listener's queue and poping self
edu.illinois.masalzr2.notices.implentations.PlayerPropertyNotice: actionPerformed: popping self from list
GameVariables: Variable requested: dice
GameVariables: Variable requested: currency
GameVariables: Game frame is closing
